<?xml version="1.0" encoding="UTF-8"?>
<!-- Generated by org.testng.reporters.JUnitReportReporter -->
<testsuite hostname="DESKTOP-OEOPJA5" failures="0" tests="1" name="com.Magento.TestRunner.LoginSearchTestRunner" time="20.727" errors="0" timestamp="2025-03-24T09:40:59 IST" skipped="0">
  <testcase classname="com.Magento.TestRunner.LoginSearchTestRunner" name="runScenario" time="20.727"/>
</testsuite> <!-- com.Magento.TestRunner.LoginSearchTestRunner -->
