<?xml version="1.0" encoding="UTF-8"?>
<!-- Generated by org.testng.reporters.JUnitReportReporter -->
<testsuite hostname="DESKTOP-OEOPJA5" failures="0" tests="1" name="com.Magento.TestRunner.LogOutVericationTestRunner" time="20.037" errors="0" timestamp="2025-03-19T17:59:39 IST" skipped="0">
  <testcase classname="com.Magento.TestRunner.LogOutVericationTestRunner" name="runScenario" time="20.037"/>
</testsuite> <!-- com.Magento.TestRunner.LogOutVericationTestRunner -->
