<?xml version="1.0" encoding="UTF-8"?>
<!-- Generated by org.testng.reporters.JUnitReportReporter -->
<testsuite hostname="DESKTOP-OEOPJA5" failures="0" tests="1" name="com.Magento.TestRunner.AddingMultipleProductsToCartTestRunner" time="34.083" errors="0" timestamp="2025-03-24T09:40:59 IST" skipped="0">
  <testcase classname="com.Magento.TestRunner.AddingMultipleProductsToCartTestRunner" name="runScenario" time="34.083"/>
</testsuite> <!-- com.Magento.TestRunner.AddingMultipleProductsToCartTestRunner -->
