<?xml version="1.0" encoding="UTF-8"?>
<!-- Generated by org.testng.reporters.JUnitReportReporter -->
<testsuite hostname="DESKTOP-OEOPJA5" failures="0" tests="1" name="com.Magento.TestRunner.LginValidAndInvalidCredentialsTestRunner" time="15.100" errors="0" timestamp="2025-03-20T10:03:05 IST" skipped="0">
  <testcase classname="com.Magento.TestRunner.LginValidAndInvalidCredentialsTestRunner" name="runScenario" time="15.100"/>
</testsuite> <!-- com.Magento.TestRunner.LginValidAndInvalidCredentialsTestRunner -->
